<?xml version="1.0" encoding="UTF-8"?>
<!-- Generated by org.testng.reporters.JUnitReportReporter -->
<testsuite hostname="Oleg-PC" name="com.exigen.shegula.tests.LyceumTestProfile" tests="2" failures="0" timestamp="14 Dec 2013 18:12:52 GMT" time="21.693" errors="0">
  <testcase name="testSignOutPupil" time="6.100" classname="com.exigen.shegula.tests.LyceumTestProfile"/>
  <testcase name="testAuthenticationPupil" time="15.593" classname="com.exigen.shegula.tests.LyceumTestProfile"/>
</testsuite> <!-- com.exigen.shegula.tests.LyceumTestProfile -->
