<?xml version="1.0" encoding="UTF-8"?>
<!-- Generated by org.testng.reporters.JUnitReportReporter -->
<testsuite hostname="Oleg-PC" name="com.exigen.shegula.tests.DSTestProfile" tests="2" failures="0" timestamp="14 Dec 2013 08:41:51 GMT" time="22.280" errors="0">
  <testcase name="testSetProfilePositiv" time="9.534" classname="com.exigen.shegula.tests.DSTestProfile"/>
  <testcase name="testAuthentication" time="12.746" classname="com.exigen.shegula.tests.DSTestProfile"/>
</testsuite> <!-- com.exigen.shegula.tests.DSTestProfile -->
