<?xml version="1.0" encoding="UTF-8"?>
<!-- Generated by org.testng.reporters.JUnitReportReporter -->
<testsuite hostname="Oleg-PC" name="com.exigen.shegula.tests.DSTestProfile" tests="2" failures="0" timestamp="14 Dec 2013 07:57:56 GMT" time="39.716" errors="0">
  <testcase name="testSetProfilePositiv" time="12.842" classname="com.exigen.shegula.tests.DSTestProfile"/>
  <testcase name="testAuthentication" time="26.874" classname="com.exigen.shegula.tests.DSTestProfile"/>
</testsuite> <!-- com.exigen.shegula.tests.DSTestProfile -->
