<?xml version="1.0" encoding="UTF-8"?>
<!-- Generated by org.testng.reporters.JUnitReportReporter -->
<testsuite hostname="03-001-0009923" name="com.exigen.shegula.tests.DSTestProfile" tests="1" failures="0" timestamp="19 Dec 2013 12:51:29 GMT" time="31.534" errors="0">
  <testcase name="testMainMenuClick" time="31.534" classname="com.exigen.shegula.tests.DSTestProfile"/>
</testsuite> <!-- com.exigen.shegula.tests.DSTestProfile -->
